
*** Running vivado
    with args -log system_top_level_wrapper.vds -m64 -product Vivado -mode batch -messageDb vivado.pb -notrace -source system_top_level_wrapper.tcl


****** Vivado v2017.2 (64-bit)
  **** SW Build 1909853 on Thu Jun 15 18:39:09 MDT 2017
  **** IP Build 1909766 on Thu Jun 15 19:58:00 MDT 2017
    ** Copyright 1986-2017 Xilinx, Inc. All Rights Reserved.

source system_top_level_wrapper.tcl -notrace
INFO: [IP_Flow 19-234] Refreshing IP repositories
INFO: [IP_Flow 19-1704] No user IP repositories specified
INFO: [IP_Flow 19-2313] Loaded Vivado IP repository 'C:/Apps/Xilinx_Vivado2017/Vivado/2017.2/data/ip'.
add_files: Time (s): cpu = 00:00:01 ; elapsed = 00:00:06 . Memory (MB): peak = 290.883 ; gain = 19.164
Command: synth_design -top system_top_level_wrapper -part xc7z020clg400-1
Starting synth_design
Attempting to get a license for feature 'Synthesis' and/or device 'xc7z020-clg400'
INFO: [Common 17-349] Got license for feature 'Synthesis' and/or device 'xc7z020-clg400'
INFO: Launching helper process for spawning children vivado processes
INFO: Helper process launched with PID 528 
---------------------------------------------------------------------------------
Starting RTL Elaboration : Time (s): cpu = 00:00:02 ; elapsed = 00:00:03 . Memory (MB): peak = 371.172 ; gain = 77.625
---------------------------------------------------------------------------------
INFO: [Synth 8-638] synthesizing module 'system_top_level_wrapper' [P:/logsyn/syn/synth_top/synth_top.srcs/sources_1/bd/system_top_level/hdl/system_top_level_wrapper.v:12]
INFO: [Synth 8-638] synthesizing module 'system_top_level' [P:/logsyn/syn/synth_top/synth_top.srcs/sources_1/bd/system_top_level/hdl/system_top_level.v:13]
INFO: [Synth 8-638] synthesizing module 'system_top_level_clk_wiz_0_0' [p:/logsyn/syn/synth_top/synth_top.srcs/sources_1/bd/system_top_level/ip/system_top_level_clk_wiz_0_0/system_top_level_clk_wiz_0_0.v:71]
INFO: [Synth 8-638] synthesizing module 'system_top_level_clk_wiz_0_0_clk_wiz' [p:/logsyn/syn/synth_top/synth_top.srcs/sources_1/bd/system_top_level/ip/system_top_level_clk_wiz_0_0/system_top_level_clk_wiz_0_0_clk_wiz.v:69]
INFO: [Synth 8-5534] Detected attribute (* KEEP = "TRUE" *) [p:/logsyn/syn/synth_top/synth_top.srcs/sources_1/bd/system_top_level/ip/system_top_level_clk_wiz_0_0/system_top_level_clk_wiz_0_0_clk_wiz.v:123]
INFO: [Synth 8-5534] Detected attribute (* ASYNC_REG = "TRUE" *) [p:/logsyn/syn/synth_top/synth_top.srcs/sources_1/bd/system_top_level/ip/system_top_level_clk_wiz_0_0/system_top_level_clk_wiz_0_0_clk_wiz.v:123]
INFO: [Synth 8-5534] Detected attribute (* KEEP = "TRUE" *) [p:/logsyn/syn/synth_top/synth_top.srcs/sources_1/bd/system_top_level/ip/system_top_level_clk_wiz_0_0/system_top_level_clk_wiz_0_0_clk_wiz.v:126]
INFO: [Synth 8-5534] Detected attribute (* ASYNC_REG = "TRUE" *) [p:/logsyn/syn/synth_top/synth_top.srcs/sources_1/bd/system_top_level/ip/system_top_level_clk_wiz_0_0/system_top_level_clk_wiz_0_0_clk_wiz.v:126]
INFO: [Synth 8-638] synthesizing module 'IBUF' [C:/Apps/Xilinx_Vivado2017/Vivado/2017.2/scripts/rt/data/unisim_comp.v:14470]
	Parameter CAPACITANCE bound to: DONT_CARE - type: string 
	Parameter IBUF_DELAY_VALUE bound to: 0 - type: string 
	Parameter IBUF_LOW_PWR bound to: TRUE - type: string 
	Parameter IFD_DELAY_VALUE bound to: AUTO - type: string 
	Parameter IOSTANDARD bound to: DEFAULT - type: string 
INFO: [Synth 8-256] done synthesizing module 'IBUF' (1#1) [C:/Apps/Xilinx_Vivado2017/Vivado/2017.2/scripts/rt/data/unisim_comp.v:14470]
INFO: [Synth 8-638] synthesizing module 'MMCME2_ADV' [C:/Apps/Xilinx_Vivado2017/Vivado/2017.2/scripts/rt/data/unisim_comp.v:20759]
	Parameter BANDWIDTH bound to: OPTIMIZED - type: string 
	Parameter CLKFBOUT_MULT_F bound to: 29.000000 - type: float 
	Parameter CLKFBOUT_PHASE bound to: 0.000000 - type: float 
	Parameter CLKFBOUT_USE_FINE_PS bound to: FALSE - type: string 
	Parameter CLKIN1_PERIOD bound to: 8.000000 - type: float 
	Parameter CLKIN2_PERIOD bound to: 0.000000 - type: float 
	Parameter CLKOUT0_DIVIDE_F bound to: 14.500000 - type: float 
	Parameter CLKOUT0_DUTY_CYCLE bound to: 0.500000 - type: float 
	Parameter CLKOUT0_PHASE bound to: 0.000000 - type: float 
	Parameter CLKOUT0_USE_FINE_PS bound to: FALSE - type: string 
	Parameter CLKOUT1_DIVIDE bound to: 59 - type: integer 
	Parameter CLKOUT1_DUTY_CYCLE bound to: 0.500000 - type: float 
	Parameter CLKOUT1_PHASE bound to: 0.000000 - type: float 
	Parameter CLKOUT1_USE_FINE_PS bound to: FALSE - type: string 
	Parameter CLKOUT2_DIVIDE bound to: 1 - type: integer 
	Parameter CLKOUT2_DUTY_CYCLE bound to: 0.500000 - type: float 
	Parameter CLKOUT2_PHASE bound to: 0.000000 - type: float 
	Parameter CLKOUT2_USE_FINE_PS bound to: FALSE - type: string 
	Parameter CLKOUT3_DIVIDE bound to: 1 - type: integer 
	Parameter CLKOUT3_DUTY_CYCLE bound to: 0.500000 - type: float 
	Parameter CLKOUT3_PHASE bound to: 0.000000 - type: float 
	Parameter CLKOUT3_USE_FINE_PS bound to: FALSE - type: string 
	Parameter CLKOUT4_CASCADE bound to: FALSE - type: string 
	Parameter CLKOUT4_DIVIDE bound to: 1 - type: integer 
	Parameter CLKOUT4_DUTY_CYCLE bound to: 0.500000 - type: float 
	Parameter CLKOUT4_PHASE bound to: 0.000000 - type: float 
	Parameter CLKOUT4_USE_FINE_PS bound to: FALSE - type: string 
	Parameter CLKOUT5_DIVIDE bound to: 1 - type: integer 
	Parameter CLKOUT5_DUTY_CYCLE bound to: 0.500000 - type: float 
	Parameter CLKOUT5_PHASE bound to: 0.000000 - type: float 
	Parameter CLKOUT5_USE_FINE_PS bound to: FALSE - type: string 
	Parameter CLKOUT6_DIVIDE bound to: 1 - type: integer 
	Parameter CLKOUT6_DUTY_CYCLE bound to: 0.500000 - type: float 
	Parameter CLKOUT6_PHASE bound to: 0.000000 - type: float 
	Parameter CLKOUT6_USE_FINE_PS bound to: FALSE - type: string 
	Parameter COMPENSATION bound to: ZHOLD - type: string 
	Parameter DIVCLK_DIVIDE bound to: 5 - type: integer 
	Parameter IS_CLKINSEL_INVERTED bound to: 1'b0 
	Parameter IS_PSEN_INVERTED bound to: 1'b0 
	Parameter IS_PSINCDEC_INVERTED bound to: 1'b0 
	Parameter IS_PWRDWN_INVERTED bound to: 1'b0 
	Parameter IS_RST_INVERTED bound to: 1'b0 
	Parameter REF_JITTER1 bound to: 0.010000 - type: float 
	Parameter REF_JITTER2 bound to: 0.010000 - type: float 
	Parameter SS_EN bound to: FALSE - type: string 
	Parameter SS_MODE bound to: CENTER_HIGH - type: string 
	Parameter SS_MOD_PERIOD bound to: 10000 - type: integer 
	Parameter STARTUP_WAIT bound to: FALSE - type: string 
INFO: [Synth 8-256] done synthesizing module 'MMCME2_ADV' (2#1) [C:/Apps/Xilinx_Vivado2017/Vivado/2017.2/scripts/rt/data/unisim_comp.v:20759]
INFO: [Synth 8-638] synthesizing module 'BUFG' [C:/Apps/Xilinx_Vivado2017/Vivado/2017.2/scripts/rt/data/unisim_comp.v:607]
INFO: [Synth 8-256] done synthesizing module 'BUFG' (3#1) [C:/Apps/Xilinx_Vivado2017/Vivado/2017.2/scripts/rt/data/unisim_comp.v:607]
INFO: [Synth 8-638] synthesizing module 'BUFGCE' [C:/Apps/Xilinx_Vivado2017/Vivado/2017.2/scripts/rt/data/unisim_comp.v:617]
	Parameter CE_TYPE bound to: SYNC - type: string 
	Parameter IS_CE_INVERTED bound to: 1'b0 
	Parameter IS_I_INVERTED bound to: 1'b0 
INFO: [Synth 8-256] done synthesizing module 'BUFGCE' (4#1) [C:/Apps/Xilinx_Vivado2017/Vivado/2017.2/scripts/rt/data/unisim_comp.v:617]
INFO: [Synth 8-638] synthesizing module 'BUFH' [C:/Apps/Xilinx_Vivado2017/Vivado/2017.2/scripts/rt/data/unisim_comp.v:806]
INFO: [Synth 8-256] done synthesizing module 'BUFH' (5#1) [C:/Apps/Xilinx_Vivado2017/Vivado/2017.2/scripts/rt/data/unisim_comp.v:806]
INFO: [Synth 8-256] done synthesizing module 'system_top_level_clk_wiz_0_0_clk_wiz' (6#1) [p:/logsyn/syn/synth_top/synth_top.srcs/sources_1/bd/system_top_level/ip/system_top_level_clk_wiz_0_0/system_top_level_clk_wiz_0_0_clk_wiz.v:69]
INFO: [Synth 8-256] done synthesizing module 'system_top_level_clk_wiz_0_0' (7#1) [p:/logsyn/syn/synth_top/synth_top.srcs/sources_1/bd/system_top_level/ip/system_top_level_clk_wiz_0_0/system_top_level_clk_wiz_0_0.v:71]
INFO: [Synth 8-638] synthesizing module 'system_top_level_i2c_config_0_0' [p:/logsyn/syn/synth_top/synth_top.srcs/sources_1/bd/system_top_level/ip/system_top_level_i2c_config_0_0/synth/system_top_level_i2c_config_0_0.v:56]
INFO: [Synth 8-638] synthesizing module 'i2c_config' [P:/logsyn/verilog/i2c_config.v:18]
INFO: [Synth 8-638] synthesizing module 'LUT6' [C:/Apps/Xilinx_Vivado2017/Vivado/2017.2/scripts/rt/data/unisim_comp.v:20668]
	Parameter INIT bound to: 64'b0000000000010000010101010101010100000000000000000101010101010101 
INFO: [Synth 8-256] done synthesizing module 'LUT6' (8#1) [C:/Apps/Xilinx_Vivado2017/Vivado/2017.2/scripts/rt/data/unisim_comp.v:20668]
INFO: [Synth 8-638] synthesizing module 'LUT4' [C:/Apps/Xilinx_Vivado2017/Vivado/2017.2/scripts/rt/data/unisim_comp.v:20572]
	Parameter INIT bound to: 16'b0000111101110000 
INFO: [Synth 8-256] done synthesizing module 'LUT4' (9#1) [C:/Apps/Xilinx_Vivado2017/Vivado/2017.2/scripts/rt/data/unisim_comp.v:20572]
INFO: [Synth 8-638] synthesizing module 'LUT5' [C:/Apps/Xilinx_Vivado2017/Vivado/2017.2/scripts/rt/data/unisim_comp.v:20618]
	Parameter INIT bound to: 32'b00001111000111111100000011000000 
INFO: [Synth 8-256] done synthesizing module 'LUT5' (10#1) [C:/Apps/Xilinx_Vivado2017/Vivado/2017.2/scripts/rt/data/unisim_comp.v:20618]
INFO: [Synth 8-638] synthesizing module 'LUT5__parameterized0' [C:/Apps/Xilinx_Vivado2017/Vivado/2017.2/scripts/rt/data/unisim_comp.v:20618]
	Parameter INIT bound to: 32'b11111111111111111111111111111110 
INFO: [Synth 8-256] done synthesizing module 'LUT5__parameterized0' (10#1) [C:/Apps/Xilinx_Vivado2017/Vivado/2017.2/scripts/rt/data/unisim_comp.v:20618]
INFO: [Synth 8-638] synthesizing module 'LUT5__parameterized1' [C:/Apps/Xilinx_Vivado2017/Vivado/2017.2/scripts/rt/data/unisim_comp.v:20618]
	Parameter INIT bound to: 32'b00000000000000000000100000000000 
INFO: [Synth 8-256] done synthesizing module 'LUT5__parameterized1' (10#1) [C:/Apps/Xilinx_Vivado2017/Vivado/2017.2/scripts/rt/data/unisim_comp.v:20618]
INFO: [Synth 8-638] synthesizing module 'LUT5__parameterized2' [C:/Apps/Xilinx_Vivado2017/Vivado/2017.2/scripts/rt/data/unisim_comp.v:20618]
	Parameter INIT bound to: 32'b11111111111111111000000000000000 
INFO: [Synth 8-256] done synthesizing module 'LUT5__parameterized2' (10#1) [C:/Apps/Xilinx_Vivado2017/Vivado/2017.2/scripts/rt/data/unisim_comp.v:20618]
INFO: [Synth 8-638] synthesizing module 'LUT1' [C:/Apps/Xilinx_Vivado2017/Vivado/2017.2/scripts/rt/data/unisim_comp.v:20458]
	Parameter INIT bound to: 2'b01 
INFO: [Synth 8-256] done synthesizing module 'LUT1' (11#1) [C:/Apps/Xilinx_Vivado2017/Vivado/2017.2/scripts/rt/data/unisim_comp.v:20458]
INFO: [Synth 8-638] synthesizing module 'LUT6__parameterized0' [C:/Apps/Xilinx_Vivado2017/Vivado/2017.2/scripts/rt/data/unisim_comp.v:20668]
	Parameter INIT bound to: 64'b0101010101011001010101011101010101010101010110010101010100010101 
INFO: [Synth 8-256] done synthesizing module 'LUT6__parameterized0' (11#1) [C:/Apps/Xilinx_Vivado2017/Vivado/2017.2/scripts/rt/data/unisim_comp.v:20668]
INFO: [Synth 8-638] synthesizing module 'LUT4__parameterized0' [C:/Apps/Xilinx_Vivado2017/Vivado/2017.2/scripts/rt/data/unisim_comp.v:20572]
	Parameter INIT bound to: 16'b0000100000000000 
INFO: [Synth 8-256] done synthesizing module 'LUT4__parameterized0' (11#1) [C:/Apps/Xilinx_Vivado2017/Vivado/2017.2/scripts/rt/data/unisim_comp.v:20572]
INFO: [Synth 8-638] synthesizing module 'LUT4__parameterized1' [C:/Apps/Xilinx_Vivado2017/Vivado/2017.2/scripts/rt/data/unisim_comp.v:20572]
	Parameter INIT bound to: 16'b0000000001000000 
INFO: [Synth 8-256] done synthesizing module 'LUT4__parameterized1' (11#1) [C:/Apps/Xilinx_Vivado2017/Vivado/2017.2/scripts/rt/data/unisim_comp.v:20572]
INFO: [Synth 8-638] synthesizing module 'LUT6__parameterized1' [C:/Apps/Xilinx_Vivado2017/Vivado/2017.2/scripts/rt/data/unisim_comp.v:20668]
	Parameter INIT bound to: 64'b0000000000000000000000000000000000000000000000010000000100000001 
INFO: [Synth 8-256] done synthesizing module 'LUT6__parameterized1' (11#1) [C:/Apps/Xilinx_Vivado2017/Vivado/2017.2/scripts/rt/data/unisim_comp.v:20668]
INFO: [Synth 8-638] synthesizing module 'FDCE' [C:/Apps/Xilinx_Vivado2017/Vivado/2017.2/scripts/rt/data/unisim_comp.v:3748]
	Parameter INIT bound to: 1'b0 
	Parameter IS_CLR_INVERTED bound to: 1'b0 
	Parameter IS_C_INVERTED bound to: 1'b0 
	Parameter IS_D_INVERTED bound to: 1'b0 
INFO: [Synth 8-256] done synthesizing module 'FDCE' (12#1) [C:/Apps/Xilinx_Vivado2017/Vivado/2017.2/scripts/rt/data/unisim_comp.v:3748]
INFO: [Synth 8-638] synthesizing module 'GND' [C:/Apps/Xilinx_Vivado2017/Vivado/2017.2/scripts/rt/data/unisim_comp.v:4942]
INFO: [Synth 8-256] done synthesizing module 'GND' (13#1) [C:/Apps/Xilinx_Vivado2017/Vivado/2017.2/scripts/rt/data/unisim_comp.v:4942]
INFO: [Synth 8-638] synthesizing module 'VCC' [C:/Apps/Xilinx_Vivado2017/Vivado/2017.2/scripts/rt/data/unisim_comp.v:45038]
INFO: [Synth 8-256] done synthesizing module 'VCC' (14#1) [C:/Apps/Xilinx_Vivado2017/Vivado/2017.2/scripts/rt/data/unisim_comp.v:45038]
INFO: [Synth 8-638] synthesizing module 'LUT3' [C:/Apps/Xilinx_Vivado2017/Vivado/2017.2/scripts/rt/data/unisim_comp.v:20530]
	Parameter INIT bound to: 8'b00010011 
INFO: [Synth 8-256] done synthesizing module 'LUT3' (15#1) [C:/Apps/Xilinx_Vivado2017/Vivado/2017.2/scripts/rt/data/unisim_comp.v:20530]
INFO: [Synth 8-638] synthesizing module 'LUT4__parameterized2' [C:/Apps/Xilinx_Vivado2017/Vivado/2017.2/scripts/rt/data/unisim_comp.v:20572]
	Parameter INIT bound to: 16'b0000100100001111 
INFO: [Synth 8-256] done synthesizing module 'LUT4__parameterized2' (15#1) [C:/Apps/Xilinx_Vivado2017/Vivado/2017.2/scripts/rt/data/unisim_comp.v:20572]
INFO: [Synth 8-638] synthesizing module 'LUT5__parameterized3' [C:/Apps/Xilinx_Vivado2017/Vivado/2017.2/scripts/rt/data/unisim_comp.v:20618]
	Parameter INIT bound to: 32'b00000000111000010000000011111111 
INFO: [Synth 8-256] done synthesizing module 'LUT5__parameterized3' (15#1) [C:/Apps/Xilinx_Vivado2017/Vivado/2017.2/scripts/rt/data/unisim_comp.v:20618]
INFO: [Synth 8-638] synthesizing module 'LUT6__parameterized2' [C:/Apps/Xilinx_Vivado2017/Vivado/2017.2/scripts/rt/data/unisim_comp.v:20668]
	Parameter INIT bound to: 64'b0100010001000100010001000100000000000000000000000000000000000100 
INFO: [Synth 8-256] done synthesizing module 'LUT6__parameterized2' (15#1) [C:/Apps/Xilinx_Vivado2017/Vivado/2017.2/scripts/rt/data/unisim_comp.v:20668]
INFO: [Synth 8-638] synthesizing module 'LUT5__parameterized4' [C:/Apps/Xilinx_Vivado2017/Vivado/2017.2/scripts/rt/data/unisim_comp.v:20618]
	Parameter INIT bound to: 32'b00000000100110100000000011111111 
INFO: [Synth 8-256] done synthesizing module 'LUT5__parameterized4' (15#1) [C:/Apps/Xilinx_Vivado2017/Vivado/2017.2/scripts/rt/data/unisim_comp.v:20618]
INFO: [Synth 8-638] synthesizing module 'LUT6__parameterized3' [C:/Apps/Xilinx_Vivado2017/Vivado/2017.2/scripts/rt/data/unisim_comp.v:20668]
	Parameter INIT bound to: 64'b0000000000000000110100000000000000000000000000000000000011110000 
INFO: [Synth 8-256] done synthesizing module 'LUT6__parameterized3' (15#1) [C:/Apps/Xilinx_Vivado2017/Vivado/2017.2/scripts/rt/data/unisim_comp.v:20668]
INFO: [Synth 8-638] synthesizing module 'LUT3__parameterized0' [C:/Apps/Xilinx_Vivado2017/Vivado/2017.2/scripts/rt/data/unisim_comp.v:20530]
	Parameter INIT bound to: 8'b00000001 
INFO: [Synth 8-256] done synthesizing module 'LUT3__parameterized0' (15#1) [C:/Apps/Xilinx_Vivado2017/Vivado/2017.2/scripts/rt/data/unisim_comp.v:20530]
INFO: [Synth 8-638] synthesizing module 'LUT4__parameterized3' [C:/Apps/Xilinx_Vivado2017/Vivado/2017.2/scripts/rt/data/unisim_comp.v:20572]
	Parameter INIT bound to: 16'b0000000000000001 
INFO: [Synth 8-256] done synthesizing module 'LUT4__parameterized3' (15#1) [C:/Apps/Xilinx_Vivado2017/Vivado/2017.2/scripts/rt/data/unisim_comp.v:20572]
INFO: [Synth 8-638] synthesizing module 'FDPE' [C:/Apps/Xilinx_Vivado2017/Vivado/2017.2/scripts/rt/data/unisim_comp.v:3904]
	Parameter INIT bound to: 1'b1 
	Parameter IS_C_INVERTED bound to: 1'b0 
	Parameter IS_D_INVERTED bound to: 1'b0 
	Parameter IS_PRE_INVERTED bound to: 1'b0 
INFO: [Synth 8-256] done synthesizing module 'FDPE' (16#1) [C:/Apps/Xilinx_Vivado2017/Vivado/2017.2/scripts/rt/data/unisim_comp.v:3904]
INFO: [Synth 8-638] synthesizing module 'LUT6__parameterized4' [C:/Apps/Xilinx_Vivado2017/Vivado/2017.2/scripts/rt/data/unisim_comp.v:20668]
	Parameter INIT bound to: 64'b0000000000000000011100000000000011111111111111111111111111111111 
INFO: [Synth 8-256] done synthesizing module 'LUT6__parameterized4' (16#1) [C:/Apps/Xilinx_Vivado2017/Vivado/2017.2/scripts/rt/data/unisim_comp.v:20668]
INFO: [Synth 8-638] synthesizing module 'LUT6__parameterized5' [C:/Apps/Xilinx_Vivado2017/Vivado/2017.2/scripts/rt/data/unisim_comp.v:20668]
	Parameter INIT bound to: 64'b0000001100000011000000110000001000000011000000100000001100110011 
INFO: [Synth 8-256] done synthesizing module 'LUT6__parameterized5' (16#1) [C:/Apps/Xilinx_Vivado2017/Vivado/2017.2/scripts/rt/data/unisim_comp.v:20668]
INFO: [Synth 8-638] synthesizing module 'LUT6__parameterized6' [C:/Apps/Xilinx_Vivado2017/Vivado/2017.2/scripts/rt/data/unisim_comp.v:20668]
	Parameter INIT bound to: 64'b1111111111111111111111111111111111111111111111111111111111111011 
INFO: [Synth 8-256] done synthesizing module 'LUT6__parameterized6' (16#1) [C:/Apps/Xilinx_Vivado2017/Vivado/2017.2/scripts/rt/data/unisim_comp.v:20668]
INFO: [Synth 8-638] synthesizing module 'LUT3__parameterized1' [C:/Apps/Xilinx_Vivado2017/Vivado/2017.2/scripts/rt/data/unisim_comp.v:20530]
	Parameter INIT bound to: 8'b11011111 
INFO: [Synth 8-256] done synthesizing module 'LUT3__parameterized1' (16#1) [C:/Apps/Xilinx_Vivado2017/Vivado/2017.2/scripts/rt/data/unisim_comp.v:20530]
INFO: [Synth 8-638] synthesizing module 'LUT6__parameterized7' [C:/Apps/Xilinx_Vivado2017/Vivado/2017.2/scripts/rt/data/unisim_comp.v:20668]
	Parameter INIT bound to: 64'b0111011100000000011101010000000001110101000000000111010100000000 
INFO: [Synth 8-256] done synthesizing module 'LUT6__parameterized7' (16#1) [C:/Apps/Xilinx_Vivado2017/Vivado/2017.2/scripts/rt/data/unisim_comp.v:20668]
INFO: [Synth 8-638] synthesizing module 'LUT5__parameterized5' [C:/Apps/Xilinx_Vivado2017/Vivado/2017.2/scripts/rt/data/unisim_comp.v:20618]
	Parameter INIT bound to: 32'b10101011101010101010101010101010 
INFO: [Synth 8-256] done synthesizing module 'LUT5__parameterized5' (16#1) [C:/Apps/Xilinx_Vivado2017/Vivado/2017.2/scripts/rt/data/unisim_comp.v:20618]
INFO: [Synth 8-638] synthesizing module 'LUT4__parameterized4' [C:/Apps/Xilinx_Vivado2017/Vivado/2017.2/scripts/rt/data/unisim_comp.v:20572]
	Parameter INIT bound to: 16'b1111111111110111 
INFO: [Synth 8-256] done synthesizing module 'LUT4__parameterized4' (16#1) [C:/Apps/Xilinx_Vivado2017/Vivado/2017.2/scripts/rt/data/unisim_comp.v:20572]
INFO: [Synth 8-638] synthesizing module 'LUT4__parameterized5' [C:/Apps/Xilinx_Vivado2017/Vivado/2017.2/scripts/rt/data/unisim_comp.v:20572]
	Parameter INIT bound to: 16'b0101010101000011 
INFO: [Synth 8-256] done synthesizing module 'LUT4__parameterized5' (16#1) [C:/Apps/Xilinx_Vivado2017/Vivado/2017.2/scripts/rt/data/unisim_comp.v:20572]
INFO: [Synth 8-638] synthesizing module 'LUT6__parameterized8' [C:/Apps/Xilinx_Vivado2017/Vivado/2017.2/scripts/rt/data/unisim_comp.v:20668]
	Parameter INIT bound to: 64'b1010101010101010011010101010101010101010101010101010101010101010 
INFO: [Synth 8-256] done synthesizing module 'LUT6__parameterized8' (16#1) [C:/Apps/Xilinx_Vivado2017/Vivado/2017.2/scripts/rt/data/unisim_comp.v:20668]
INFO: [Synth 8-638] synthesizing module 'LUT4__parameterized6' [C:/Apps/Xilinx_Vivado2017/Vivado/2017.2/scripts/rt/data/unisim_comp.v:20572]
	Parameter INIT bound to: 16'b0000000100010000 
INFO: [Synth 8-256] done synthesizing module 'LUT4__parameterized6' (16#1) [C:/Apps/Xilinx_Vivado2017/Vivado/2017.2/scripts/rt/data/unisim_comp.v:20572]
INFO: [Synth 8-638] synthesizing module 'LUT2' [C:/Apps/Xilinx_Vivado2017/Vivado/2017.2/scripts/rt/data/unisim_comp.v:20492]
	Parameter INIT bound to: 4'b0110 
INFO: [Synth 8-256] done synthesizing module 'LUT2' (17#1) [C:/Apps/Xilinx_Vivado2017/Vivado/2017.2/scripts/rt/data/unisim_comp.v:20492]
INFO: [Synth 8-638] synthesizing module 'LUT3__parameterized2' [C:/Apps/Xilinx_Vivado2017/Vivado/2017.2/scripts/rt/data/unisim_comp.v:20530]
	Parameter INIT bound to: 8'b01101010 
INFO: [Synth 8-256] done synthesizing module 'LUT3__parameterized2' (17#1) [C:/Apps/Xilinx_Vivado2017/Vivado/2017.2/scripts/rt/data/unisim_comp.v:20530]
INFO: [Synth 8-638] synthesizing module 'LUT4__parameterized7' [C:/Apps/Xilinx_Vivado2017/Vivado/2017.2/scripts/rt/data/unisim_comp.v:20572]
	Parameter INIT bound to: 16'b0110101010101010 
INFO: [Synth 8-256] done synthesizing module 'LUT4__parameterized7' (17#1) [C:/Apps/Xilinx_Vivado2017/Vivado/2017.2/scripts/rt/data/unisim_comp.v:20572]
INFO: [Synth 8-638] synthesizing module 'LUT5__parameterized6' [C:/Apps/Xilinx_Vivado2017/Vivado/2017.2/scripts/rt/data/unisim_comp.v:20618]
	Parameter INIT bound to: 32'b01101010101010101010101010101010 
INFO: [Synth 8-256] done synthesizing module 'LUT5__parameterized6' (17#1) [C:/Apps/Xilinx_Vivado2017/Vivado/2017.2/scripts/rt/data/unisim_comp.v:20618]
INFO: [Synth 8-638] synthesizing module 'LUT6__parameterized9' [C:/Apps/Xilinx_Vivado2017/Vivado/2017.2/scripts/rt/data/unisim_comp.v:20668]
	Parameter INIT bound to: 64'b0110101010101010101010101010101010101010101010101010101010101010 
INFO: [Synth 8-256] done synthesizing module 'LUT6__parameterized9' (17#1) [C:/Apps/Xilinx_Vivado2017/Vivado/2017.2/scripts/rt/data/unisim_comp.v:20668]
INFO: [Synth 8-638] synthesizing module 'LUT2__parameterized0' [C:/Apps/Xilinx_Vivado2017/Vivado/2017.2/scripts/rt/data/unisim_comp.v:20492]
	Parameter INIT bound to: 4'b1001 
INFO: [Synth 8-256] done synthesizing module 'LUT2__parameterized0' (17#1) [C:/Apps/Xilinx_Vivado2017/Vivado/2017.2/scripts/rt/data/unisim_comp.v:20492]
INFO: [Synth 8-638] synthesizing module 'LUT3__parameterized3' [C:/Apps/Xilinx_Vivado2017/Vivado/2017.2/scripts/rt/data/unisim_comp.v:20530]
	Parameter INIT bound to: 8'b10011010 
INFO: [Synth 8-256] done synthesizing module 'LUT3__parameterized3' (17#1) [C:/Apps/Xilinx_Vivado2017/Vivado/2017.2/scripts/rt/data/unisim_comp.v:20530]
INFO: [Synth 8-638] synthesizing module 'LUT4__parameterized8' [C:/Apps/Xilinx_Vivado2017/Vivado/2017.2/scripts/rt/data/unisim_comp.v:20572]
	Parameter INIT bound to: 16'b1011111101000000 
INFO: [Synth 8-256] done synthesizing module 'LUT4__parameterized8' (17#1) [C:/Apps/Xilinx_Vivado2017/Vivado/2017.2/scripts/rt/data/unisim_comp.v:20572]
INFO: [Synth 8-638] synthesizing module 'LUT6__parameterized10' [C:/Apps/Xilinx_Vivado2017/Vivado/2017.2/scripts/rt/data/unisim_comp.v:20668]
	Parameter INIT bound to: 64'b0111111111111111111111111111111111111111111111111111111111111111 
INFO: [Synth 8-256] done synthesizing module 'LUT6__parameterized10' (17#1) [C:/Apps/Xilinx_Vivado2017/Vivado/2017.2/scripts/rt/data/unisim_comp.v:20668]
INFO: [Synth 8-638] synthesizing module 'LUT5__parameterized7' [C:/Apps/Xilinx_Vivado2017/Vivado/2017.2/scripts/rt/data/unisim_comp.v:20618]
	Parameter INIT bound to: 32'b10011010101010101010101010101010 
INFO: [Synth 8-256] done synthesizing module 'LUT5__parameterized7' (17#1) [C:/Apps/Xilinx_Vivado2017/Vivado/2017.2/scripts/rt/data/unisim_comp.v:20618]
INFO: [Synth 8-638] synthesizing module 'LUT6__parameterized11' [C:/Apps/Xilinx_Vivado2017/Vivado/2017.2/scripts/rt/data/unisim_comp.v:20668]
	Parameter INIT bound to: 64'b0000000000000000000000000000000000000000001000000000000000000000 
INFO: [Synth 8-256] done synthesizing module 'LUT6__parameterized11' (17#1) [C:/Apps/Xilinx_Vivado2017/Vivado/2017.2/scripts/rt/data/unisim_comp.v:20668]
INFO: [Synth 8-638] synthesizing module 'LUT2__parameterized1' [C:/Apps/Xilinx_Vivado2017/Vivado/2017.2/scripts/rt/data/unisim_comp.v:20492]
	Parameter INIT bound to: 4'b0001 
INFO: [Synth 8-256] done synthesizing module 'LUT2__parameterized1' (17#1) [C:/Apps/Xilinx_Vivado2017/Vivado/2017.2/scripts/rt/data/unisim_comp.v:20492]
INFO: [Synth 8-638] synthesizing module 'LUT3__parameterized4' [C:/Apps/Xilinx_Vivado2017/Vivado/2017.2/scripts/rt/data/unisim_comp.v:20530]
	Parameter INIT bound to: 8'b11111011 
INFO: [Synth 8-256] done synthesizing module 'LUT3__parameterized4' (17#1) [C:/Apps/Xilinx_Vivado2017/Vivado/2017.2/scripts/rt/data/unisim_comp.v:20530]
INFO: [Synth 8-638] synthesizing module 'OBUF' [C:/Apps/Xilinx_Vivado2017/Vivado/2017.2/scripts/rt/data/unisim_comp.v:22272]
	Parameter CAPACITANCE bound to: DONT_CARE - type: string 
	Parameter DRIVE bound to: 12 - type: integer 
	Parameter IOSTANDARD bound to: DEFAULT - type: string 
	Parameter SLEW bound to: SLOW - type: string 
INFO: [Synth 8-256] done synthesizing module 'OBUF' (18#1) [C:/Apps/Xilinx_Vivado2017/Vivado/2017.2/scripts/rt/data/unisim_comp.v:22272]
INFO: [Synth 8-638] synthesizing module 'LUT6__parameterized12' [C:/Apps/Xilinx_Vivado2017/Vivado/2017.2/scripts/rt/data/unisim_comp.v:20668]
	Parameter INIT bound to: 64'b0000000000000000000000000000000000000000000010000000000000000000 
INFO: [Synth 8-256] done synthesizing module 'LUT6__parameterized12' (18#1) [C:/Apps/Xilinx_Vivado2017/Vivado/2017.2/scripts/rt/data/unisim_comp.v:20668]
INFO: [Synth 8-638] synthesizing module 'LUT5__parameterized8' [C:/Apps/Xilinx_Vivado2017/Vivado/2017.2/scripts/rt/data/unisim_comp.v:20618]
	Parameter INIT bound to: 32'b00000000000000000010000000000000 
INFO: [Synth 8-256] done synthesizing module 'LUT5__parameterized8' (18#1) [C:/Apps/Xilinx_Vivado2017/Vivado/2017.2/scripts/rt/data/unisim_comp.v:20618]
INFO: [Synth 8-638] synthesizing module 'LUT3__parameterized5' [C:/Apps/Xilinx_Vivado2017/Vivado/2017.2/scripts/rt/data/unisim_comp.v:20530]
	Parameter INIT bound to: 8'b01000000 
INFO: [Synth 8-256] done synthesizing module 'LUT3__parameterized5' (18#1) [C:/Apps/Xilinx_Vivado2017/Vivado/2017.2/scripts/rt/data/unisim_comp.v:20530]
INFO: [Synth 8-638] synthesizing module 'LUT4__parameterized9' [C:/Apps/Xilinx_Vivado2017/Vivado/2017.2/scripts/rt/data/unisim_comp.v:20572]
	Parameter INIT bound to: 16'b1110001100010100 
INFO: [Synth 8-256] done synthesizing module 'LUT4__parameterized9' (18#1) [C:/Apps/Xilinx_Vivado2017/Vivado/2017.2/scripts/rt/data/unisim_comp.v:20572]
INFO: [Synth 8-638] synthesizing module 'LUT4__parameterized10' [C:/Apps/Xilinx_Vivado2017/Vivado/2017.2/scripts/rt/data/unisim_comp.v:20572]
	Parameter INIT bound to: 16'b0100100010101101 
INFO: [Synth 8-256] done synthesizing module 'LUT4__parameterized10' (18#1) [C:/Apps/Xilinx_Vivado2017/Vivado/2017.2/scripts/rt/data/unisim_comp.v:20572]
INFO: [Synth 8-638] synthesizing module 'LUT4__parameterized11' [C:/Apps/Xilinx_Vivado2017/Vivado/2017.2/scripts/rt/data/unisim_comp.v:20572]
	Parameter INIT bound to: 16'b0001111111101101 
INFO: [Synth 8-256] done synthesizing module 'LUT4__parameterized11' (18#1) [C:/Apps/Xilinx_Vivado2017/Vivado/2017.2/scripts/rt/data/unisim_comp.v:20572]
INFO: [Synth 8-638] synthesizing module 'LUT4__parameterized12' [C:/Apps/Xilinx_Vivado2017/Vivado/2017.2/scripts/rt/data/unisim_comp.v:20572]
	Parameter INIT bound to: 16'b1000100000000001 
INFO: [Synth 8-256] done synthesizing module 'LUT4__parameterized12' (18#1) [C:/Apps/Xilinx_Vivado2017/Vivado/2017.2/scripts/rt/data/unisim_comp.v:20572]
INFO: [Synth 8-638] synthesizing module 'LUT4__parameterized13' [C:/Apps/Xilinx_Vivado2017/Vivado/2017.2/scripts/rt/data/unisim_comp.v:20572]
	Parameter INIT bound to: 16'b0000111101111110 
INFO: [Synth 8-256] done synthesizing module 'LUT4__parameterized13' (18#1) [C:/Apps/Xilinx_Vivado2017/Vivado/2017.2/scripts/rt/data/unisim_comp.v:20572]
INFO: [Synth 8-638] synthesizing module 'LUT4__parameterized14' [C:/Apps/Xilinx_Vivado2017/Vivado/2017.2/scripts/rt/data/unisim_comp.v:20572]
	Parameter INIT bound to: 16'b1110111011101100 
INFO: [Synth 8-256] done synthesizing module 'LUT4__parameterized14' (18#1) [C:/Apps/Xilinx_Vivado2017/Vivado/2017.2/scripts/rt/data/unisim_comp.v:20572]
INFO: [Synth 8-638] synthesizing module 'LUT4__parameterized15' [C:/Apps/Xilinx_Vivado2017/Vivado/2017.2/scripts/rt/data/unisim_comp.v:20572]
	Parameter INIT bound to: 16'b0000000000000100 
INFO: [Synth 8-256] done synthesizing module 'LUT4__parameterized15' (18#1) [C:/Apps/Xilinx_Vivado2017/Vivado/2017.2/scripts/rt/data/unisim_comp.v:20572]
INFO: [Synth 8-638] synthesizing module 'LUT4__parameterized16' [C:/Apps/Xilinx_Vivado2017/Vivado/2017.2/scripts/rt/data/unisim_comp.v:20572]
	Parameter INIT bound to: 16'b0000101111101010 
INFO: [Synth 8-256] done synthesizing module 'LUT4__parameterized16' (18#1) [C:/Apps/Xilinx_Vivado2017/Vivado/2017.2/scripts/rt/data/unisim_comp.v:20572]
INFO: [Synth 8-638] synthesizing module 'LUT3__parameterized6' [C:/Apps/Xilinx_Vivado2017/Vivado/2017.2/scripts/rt/data/unisim_comp.v:20530]
	Parameter INIT bound to: 8'b10000000 
INFO: [Synth 8-256] done synthesizing module 'LUT3__parameterized6' (18#1) [C:/Apps/Xilinx_Vivado2017/Vivado/2017.2/scripts/rt/data/unisim_comp.v:20530]
INFO: [Synth 8-638] synthesizing module 'LUT4__parameterized17' [C:/Apps/Xilinx_Vivado2017/Vivado/2017.2/scripts/rt/data/unisim_comp.v:20572]
	Parameter INIT bound to: 16'b1110000000000000 
INFO: [Synth 8-256] done synthesizing module 'LUT4__parameterized17' (18#1) [C:/Apps/Xilinx_Vivado2017/Vivado/2017.2/scripts/rt/data/unisim_comp.v:20572]
INFO: [Synth 8-638] synthesizing module 'LUT4__parameterized18' [C:/Apps/Xilinx_Vivado2017/Vivado/2017.2/scripts/rt/data/unisim_comp.v:20572]
	Parameter INIT bound to: 16'b1100100010001101 
INFO: [Synth 8-256] done synthesizing module 'LUT4__parameterized18' (18#1) [C:/Apps/Xilinx_Vivado2017/Vivado/2017.2/scripts/rt/data/unisim_comp.v:20572]
INFO: [Synth 8-638] synthesizing module 'LUT4__parameterized19' [C:/Apps/Xilinx_Vivado2017/Vivado/2017.2/scripts/rt/data/unisim_comp.v:20572]
	Parameter INIT bound to: 16'b1111000110011011 
INFO: [Synth 8-256] done synthesizing module 'LUT4__parameterized19' (18#1) [C:/Apps/Xilinx_Vivado2017/Vivado/2017.2/scripts/rt/data/unisim_comp.v:20572]
INFO: [Synth 8-638] synthesizing module 'LUT4__parameterized20' [C:/Apps/Xilinx_Vivado2017/Vivado/2017.2/scripts/rt/data/unisim_comp.v:20572]
	Parameter INIT bound to: 16'b0010011110011100 
INFO: [Synth 8-256] done synthesizing module 'LUT4__parameterized20' (18#1) [C:/Apps/Xilinx_Vivado2017/Vivado/2017.2/scripts/rt/data/unisim_comp.v:20572]
INFO: [Synth 8-638] synthesizing module 'FDRE' [C:/Apps/Xilinx_Vivado2017/Vivado/2017.2/scripts/rt/data/unisim_comp.v:3964]
	Parameter INIT bound to: 1'b0 
	Parameter IS_C_INVERTED bound to: 1'b0 
	Parameter IS_D_INVERTED bound to: 1'b0 
	Parameter IS_R_INVERTED bound to: 1'b0 
INFO: [Synth 8-256] done synthesizing module 'FDRE' (19#1) [C:/Apps/Xilinx_Vivado2017/Vivado/2017.2/scripts/rt/data/unisim_comp.v:3964]
INFO: [Synth 8-638] synthesizing module 'LUT6__parameterized13' [C:/Apps/Xilinx_Vivado2017/Vivado/2017.2/scripts/rt/data/unisim_comp.v:20668]
	Parameter INIT bound to: 64'b1111111111111111001000111111111100000000000000000010001100000000 
INFO: [Synth 8-256] done synthesizing module 'LUT6__parameterized13' (19#1) [C:/Apps/Xilinx_Vivado2017/Vivado/2017.2/scripts/rt/data/unisim_comp.v:20668]
INFO: [Synth 8-638] synthesizing module 'LUT6__parameterized14' [C:/Apps/Xilinx_Vivado2017/Vivado/2017.2/scripts/rt/data/unisim_comp.v:20668]
	Parameter INIT bound to: 64'b1111111111111111111111101111101111111011111111111111111111111110 
INFO: [Synth 8-256] done synthesizing module 'LUT6__parameterized14' (19#1) [C:/Apps/Xilinx_Vivado2017/Vivado/2017.2/scripts/rt/data/unisim_comp.v:20668]
INFO: [Synth 8-638] synthesizing module 'LUT6__parameterized15' [C:/Apps/Xilinx_Vivado2017/Vivado/2017.2/scripts/rt/data/unisim_comp.v:20668]
	Parameter INIT bound to: 64'b0000111100001011111111111111111100001111000010110000000000000000 
INFO: [Synth 8-256] done synthesizing module 'LUT6__parameterized15' (19#1) [C:/Apps/Xilinx_Vivado2017/Vivado/2017.2/scripts/rt/data/unisim_comp.v:20668]
INFO: [Synth 8-638] synthesizing module 'LUT6__parameterized16' [C:/Apps/Xilinx_Vivado2017/Vivado/2017.2/scripts/rt/data/unisim_comp.v:20668]
	Parameter INIT bound to: 64'b0000000000000000000000000000000000000000000000000000101000000010 
INFO: [Synth 8-256] done synthesizing module 'LUT6__parameterized16' (19#1) [C:/Apps/Xilinx_Vivado2017/Vivado/2017.2/scripts/rt/data/unisim_comp.v:20668]
INFO: [Synth 8-638] synthesizing module 'LUT3__parameterized7' [C:/Apps/Xilinx_Vivado2017/Vivado/2017.2/scripts/rt/data/unisim_comp.v:20530]
	Parameter INIT bound to: 8'b11101010 
INFO: [Synth 8-256] done synthesizing module 'LUT3__parameterized7' (19#1) [C:/Apps/Xilinx_Vivado2017/Vivado/2017.2/scripts/rt/data/unisim_comp.v:20530]
INFO: [Synth 8-638] synthesizing module 'LUT5__parameterized9' [C:/Apps/Xilinx_Vivado2017/Vivado/2017.2/scripts/rt/data/unisim_comp.v:20618]
	Parameter INIT bound to: 32'b00000000000000000000001000000000 
INFO: [Synth 8-256] done synthesizing module 'LUT5__parameterized9' (19#1) [C:/Apps/Xilinx_Vivado2017/Vivado/2017.2/scripts/rt/data/unisim_comp.v:20618]
INFO: [Synth 8-638] synthesizing module 'IOBUF' [C:/Apps/Xilinx_Vivado2017/Vivado/2017.2/scripts/rt/data/unisim_comp.v:17657]
	Parameter DRIVE bound to: 12 - type: integer 
	Parameter IBUF_LOW_PWR bound to: TRUE - type: string 
	Parameter IOSTANDARD bound to: DEFAULT - type: string 
	Parameter SLEW bound to: SLOW - type: string 
INFO: [Synth 8-256] done synthesizing module 'IOBUF' (20#1) [C:/Apps/Xilinx_Vivado2017/Vivado/2017.2/scripts/rt/data/unisim_comp.v:17657]
INFO: [Synth 8-638] synthesizing module 'LUT4__parameterized21' [C:/Apps/Xilinx_Vivado2017/Vivado/2017.2/scripts/rt/data/unisim_comp.v:20572]
	Parameter INIT bound to: 16'b0010111100100000 
INFO: [Synth 8-256] done synthesizing module 'LUT4__parameterized21' (20#1) [C:/Apps/Xilinx_Vivado2017/Vivado/2017.2/scripts/rt/data/unisim_comp.v:20572]
INFO: [Synth 8-638] synthesizing module 'LUT6__parameterized17' [C:/Apps/Xilinx_Vivado2017/Vivado/2017.2/scripts/rt/data/unisim_comp.v:20668]
	Parameter INIT bound to: 64'b1111111111110100111111111111111111111111111101000000000000000000 
INFO: [Synth 8-256] done synthesizing module 'LUT6__parameterized17' (20#1) [C:/Apps/Xilinx_Vivado2017/Vivado/2017.2/scripts/rt/data/unisim_comp.v:20668]
INFO: [Synth 8-638] synthesizing module 'LUT4__parameterized22' [C:/Apps/Xilinx_Vivado2017/Vivado/2017.2/scripts/rt/data/unisim_comp.v:20572]
	Parameter INIT bound to: 16'b0000000000110001 
INFO: [Synth 8-256] done synthesizing module 'LUT4__parameterized22' (20#1) [C:/Apps/Xilinx_Vivado2017/Vivado/2017.2/scripts/rt/data/unisim_comp.v:20572]
INFO: [Synth 8-638] synthesizing module 'LUT5__parameterized10' [C:/Apps/Xilinx_Vivado2017/Vivado/2017.2/scripts/rt/data/unisim_comp.v:20618]
	Parameter INIT bound to: 32'b11100010110011001110001000000000 
INFO: [Synth 8-256] done synthesizing module 'LUT5__parameterized10' (20#1) [C:/Apps/Xilinx_Vivado2017/Vivado/2017.2/scripts/rt/data/unisim_comp.v:20618]
INFO: [Synth 8-638] synthesizing module 'LUT6__parameterized18' [C:/Apps/Xilinx_Vivado2017/Vivado/2017.2/scripts/rt/data/unisim_comp.v:20668]
	Parameter INIT bound to: 64'b0000000000001010000000101010001010100000101010100000001010100010 
INFO: [Synth 8-256] done synthesizing module 'LUT6__parameterized18' (20#1) [C:/Apps/Xilinx_Vivado2017/Vivado/2017.2/scripts/rt/data/unisim_comp.v:20668]
INFO: [Synth 8-638] synthesizing module 'LUT6__parameterized19' [C:/Apps/Xilinx_Vivado2017/Vivado/2017.2/scripts/rt/data/unisim_comp.v:20668]
	Parameter INIT bound to: 64'b0000010111110101000000110000001100000101111101011111001111110011 
INFO: [Synth 8-256] done synthesizing module 'LUT6__parameterized19' (20#1) [C:/Apps/Xilinx_Vivado2017/Vivado/2017.2/scripts/rt/data/unisim_comp.v:20668]
INFO: [Synth 8-638] synthesizing module 'LUT3__parameterized8' [C:/Apps/Xilinx_Vivado2017/Vivado/2017.2/scripts/rt/data/unisim_comp.v:20530]
	Parameter INIT bound to: 8'b00100011 
INFO: [Synth 8-256] done synthesizing module 'LUT3__parameterized8' (20#1) [C:/Apps/Xilinx_Vivado2017/Vivado/2017.2/scripts/rt/data/unisim_comp.v:20530]
INFO: [Synth 8-638] synthesizing module 'LUT6__parameterized20' [C:/Apps/Xilinx_Vivado2017/Vivado/2017.2/scripts/rt/data/unisim_comp.v:20668]
	Parameter INIT bound to: 64'b1111111111110010000000001111001000000000000000000000000000000000 
INFO: [Synth 8-256] done synthesizing module 'LUT6__parameterized20' (20#1) [C:/Apps/Xilinx_Vivado2017/Vivado/2017.2/scripts/rt/data/unisim_comp.v:20668]
INFO: [Synth 8-638] synthesizing module 'LUT5__parameterized11' [C:/Apps/Xilinx_Vivado2017/Vivado/2017.2/scripts/rt/data/unisim_comp.v:20618]
	Parameter INIT bound to: 32'b00001100000010100000000000001010 
INFO: [Synth 8-256] done synthesizing module 'LUT5__parameterized11' (20#1) [C:/Apps/Xilinx_Vivado2017/Vivado/2017.2/scripts/rt/data/unisim_comp.v:20618]
INFO: [Synth 8-638] synthesizing module 'LUT6__parameterized21' [C:/Apps/Xilinx_Vivado2017/Vivado/2017.2/scripts/rt/data/unisim_comp.v:20668]
	Parameter INIT bound to: 64'b0000000000000000000000000000000010101010101010100000000000000010 
INFO: [Synth 8-256] done synthesizing module 'LUT6__parameterized21' (20#1) [C:/Apps/Xilinx_Vivado2017/Vivado/2017.2/scripts/rt/data/unisim_comp.v:20668]
INFO: [Synth 8-638] synthesizing module 'LUT6__parameterized22' [C:/Apps/Xilinx_Vivado2017/Vivado/2017.2/scripts/rt/data/unisim_comp.v:20668]
	Parameter INIT bound to: 64'b1010100010101000101010001010101010101000101010001010100010101000 
INFO: [Synth 8-256] done synthesizing module 'LUT6__parameterized22' (20#1) [C:/Apps/Xilinx_Vivado2017/Vivado/2017.2/scripts/rt/data/unisim_comp.v:20668]
INFO: [Synth 8-638] synthesizing module 'LUT6__parameterized23' [C:/Apps/Xilinx_Vivado2017/Vivado/2017.2/scripts/rt/data/unisim_comp.v:20668]
	Parameter INIT bound to: 64'b1010000010100000000000101010001010101010101010100000001010100010 
INFO: [Synth 8-256] done synthesizing module 'LUT6__parameterized23' (20#1) [C:/Apps/Xilinx_Vivado2017/Vivado/2017.2/scripts/rt/data/unisim_comp.v:20668]
INFO: [Synth 8-638] synthesizing module 'LUT4__parameterized23' [C:/Apps/Xilinx_Vivado2017/Vivado/2017.2/scripts/rt/data/unisim_comp.v:20572]
	Parameter INIT bound to: 16'b0001000000010001 
INFO: [Synth 8-256] done synthesizing module 'LUT4__parameterized23' (20#1) [C:/Apps/Xilinx_Vivado2017/Vivado/2017.2/scripts/rt/data/unisim_comp.v:20572]
INFO: [Synth 8-638] synthesizing module 'LUT5__parameterized12' [C:/Apps/Xilinx_Vivado2017/Vivado/2017.2/scripts/rt/data/unisim_comp.v:20618]
	Parameter INIT bound to: 32'b00000000000000000000110001000000 
INFO: [Synth 8-256] done synthesizing module 'LUT5__parameterized12' (20#1) [C:/Apps/Xilinx_Vivado2017/Vivado/2017.2/scripts/rt/data/unisim_comp.v:20618]
INFO: [Synth 8-256] done synthesizing module 'i2c_config' (21#1) [P:/logsyn/verilog/i2c_config.v:18]
INFO: [Synth 8-256] done synthesizing module 'system_top_level_i2c_config_0_0' (22#1) [p:/logsyn/syn/synth_top/synth_top.srcs/sources_1/bd/system_top_level/ip/system_top_level_i2c_config_0_0/synth/system_top_level_i2c_config_0_0.v:56]
WARNING: [Synth 8-350] instance 'i2c_config_0' of module 'system_top_level_i2c_config_0_0' requires 6 connections, but only 5 given [P:/logsyn/syn/synth_top/synth_top.srcs/sources_1/bd/system_top_level/hdl/system_top_level.v:64]
INFO: [Synth 8-638] synthesizing module 'system_top_level_synthesizer_0_0' [p:/logsyn/syn/synth_top/synth_top.srcs/sources_1/bd/system_top_level/ip/system_top_level_synthesizer_0_0/synth/system_top_level_synthesizer_0_0.vhd:67]
	Parameter clk_freq_g bound to: 12288000 - type: integer 
	Parameter sample_rate_g bound to: 48000 - type: integer 
	Parameter data_width_g bound to: 16 - type: integer 
	Parameter n_keys_g bound to: 4 - type: integer 
INFO: [Synth 8-3491] module 'synthesizer' declared at 'P:/logsyn/vhd/synthesizer.vhd:22' bound to instance 'U0' of component 'synthesizer' [p:/logsyn/syn/synth_top/synth_top.srcs/sources_1/bd/system_top_level/ip/system_top_level_synthesizer_0_0/synth/system_top_level_synthesizer_0_0.vhd:94]
INFO: [Synth 8-638] synthesizing module 'synthesizer' [P:/logsyn/vhd/synthesizer.vhd:38]
	Parameter clk_freq_g bound to: 12288000 - type: integer 
	Parameter sample_rate_g bound to: 48000 - type: integer 
	Parameter data_width_g bound to: 16 - type: integer 
	Parameter n_keys_g bound to: 4 - type: integer 
	Parameter width_g bound to: 16 - type: integer 
	Parameter step_g bound to: 1 - type: integer 
INFO: [Synth 8-3491] module 'wave_gen' declared at 'P:/logsyn/vhd/wave_gen.vhd:26' bound to instance 'i_wav' of component 'wave_gen' [P:/logsyn/vhd/synthesizer.vhd:84]
INFO: [Synth 8-638] synthesizing module 'wave_gen' [P:/logsyn/vhd/wave_gen.vhd:39]
	Parameter width_g bound to: 16 - type: integer 
	Parameter step_g bound to: 1 - type: integer 
INFO: [Synth 8-256] done synthesizing module 'wave_gen' (23#1) [P:/logsyn/vhd/wave_gen.vhd:39]
	Parameter width_g bound to: 16 - type: integer 
	Parameter step_g bound to: 4 - type: integer 
INFO: [Synth 8-3491] module 'wave_gen' declared at 'P:/logsyn/vhd/wave_gen.vhd:26' bound to instance 'i_wav' of component 'wave_gen' [P:/logsyn/vhd/synthesizer.vhd:84]
INFO: [Synth 8-638] synthesizing module 'wave_gen__parameterized1' [P:/logsyn/vhd/wave_gen.vhd:39]
	Parameter width_g bound to: 16 - type: integer 
	Parameter step_g bound to: 4 - type: integer 
INFO: [Synth 8-256] done synthesizing module 'wave_gen__parameterized1' (23#1) [P:/logsyn/vhd/wave_gen.vhd:39]
	Parameter width_g bound to: 16 - type: integer 
	Parameter step_g bound to: 9 - type: integer 
INFO: [Synth 8-3491] module 'wave_gen' declared at 'P:/logsyn/vhd/wave_gen.vhd:26' bound to instance 'i_wav' of component 'wave_gen' [P:/logsyn/vhd/synthesizer.vhd:84]
INFO: [Synth 8-638] synthesizing module 'wave_gen__parameterized3' [P:/logsyn/vhd/wave_gen.vhd:39]
	Parameter width_g bound to: 16 - type: integer 
	Parameter step_g bound to: 9 - type: integer 
INFO: [Synth 8-256] done synthesizing module 'wave_gen__parameterized3' (23#1) [P:/logsyn/vhd/wave_gen.vhd:39]
	Parameter width_g bound to: 16 - type: integer 
	Parameter step_g bound to: 16 - type: integer 
INFO: [Synth 8-3491] module 'wave_gen' declared at 'P:/logsyn/vhd/wave_gen.vhd:26' bound to instance 'i_wav' of component 'wave_gen' [P:/logsyn/vhd/synthesizer.vhd:84]
INFO: [Synth 8-638] synthesizing module 'wave_gen__parameterized5' [P:/logsyn/vhd/wave_gen.vhd:39]
	Parameter width_g bound to: 16 - type: integer 
	Parameter step_g bound to: 16 - type: integer 
INFO: [Synth 8-256] done synthesizing module 'wave_gen__parameterized5' (23#1) [P:/logsyn/vhd/wave_gen.vhd:39]
	Parameter operand_width_g bound to: 16 - type: integer 
	Parameter num_of_operands_g bound to: 4 - type: integer 
INFO: [Synth 8-3491] module 'multi_port_adder' declared at 'P:/logsyn/vhd/multi_port_adder.vhd:25' bound to instance 'i_mul' of component 'multi_port_adder' [P:/logsyn/vhd/synthesizer.vhd:97]
INFO: [Synth 8-638] synthesizing module 'multi_port_adder' [P:/logsyn/vhd/multi_port_adder.vhd:37]
	Parameter operand_width_g bound to: 16 - type: integer 
	Parameter num_of_operands_g bound to: 4 - type: integer 
	Parameter operand_width_g bound to: 16 - type: integer 
INFO: [Synth 8-3491] module 'adder' declared at 'P:/logsyn/vhd/adder.vhd:26' bound to instance 'adder_1' of component 'adder' [P:/logsyn/vhd/multi_port_adder.vhd:58]
INFO: [Synth 8-638] synthesizing module 'adder' [P:/logsyn/vhd/adder.vhd:37]
	Parameter operand_width_g bound to: 16 - type: integer 
INFO: [Synth 8-256] done synthesizing module 'adder' (24#1) [P:/logsyn/vhd/adder.vhd:37]
	Parameter operand_width_g bound to: 16 - type: integer 
INFO: [Synth 8-3491] module 'adder' declared at 'P:/logsyn/vhd/adder.vhd:26' bound to instance 'adder_2' of component 'adder' [P:/logsyn/vhd/multi_port_adder.vhd:71]
	Parameter operand_width_g bound to: 17 - type: integer 
INFO: [Synth 8-3491] module 'adder' declared at 'P:/logsyn/vhd/adder.vhd:26' bound to instance 'sum_adder' of component 'adder' [P:/logsyn/vhd/multi_port_adder.vhd:82]
INFO: [Synth 8-638] synthesizing module 'adder__parameterized2' [P:/logsyn/vhd/adder.vhd:37]
	Parameter operand_width_g bound to: 17 - type: integer 
INFO: [Synth 8-256] done synthesizing module 'adder__parameterized2' (24#1) [P:/logsyn/vhd/adder.vhd:37]
INFO: [Synth 8-256] done synthesizing module 'multi_port_adder' (25#1) [P:/logsyn/vhd/multi_port_adder.vhd:37]
	Parameter ref_clk_freq_g bound to: 12288000 - type: integer 
	Parameter sample_rate_g bound to: 48000 - type: integer 
	Parameter data_width_g bound to: 16 - type: integer 
INFO: [Synth 8-3491] module 'audio_ctrl' declared at 'P:/logsyn/vhd/audio_ctrl.vhd:20' bound to instance 'i_aud' of component 'audio_ctrl' [P:/logsyn/vhd/synthesizer.vhd:109]
INFO: [Synth 8-638] synthesizing module 'audio_ctrl' [P:/logsyn/vhd/audio_ctrl.vhd:36]
	Parameter ref_clk_freq_g bound to: 12288000 - type: integer 
	Parameter sample_rate_g bound to: 48000 - type: integer 
	Parameter data_width_g bound to: 16 - type: integer 
INFO: [Synth 8-256] done synthesizing module 'audio_ctrl' (26#1) [P:/logsyn/vhd/audio_ctrl.vhd:36]
INFO: [Synth 8-256] done synthesizing module 'synthesizer' (27#1) [P:/logsyn/vhd/synthesizer.vhd:38]
INFO: [Synth 8-256] done synthesizing module 'system_top_level_synthesizer_0_0' (28#1) [p:/logsyn/syn/synth_top/synth_top.srcs/sources_1/bd/system_top_level/ip/system_top_level_synthesizer_0_0/synth/system_top_level_synthesizer_0_0.vhd:67]
INFO: [Synth 8-638] synthesizing module 'system_top_level_util_vector_logic_0_0' [p:/logsyn/syn/synth_top/synth_top.srcs/sources_1/bd/system_top_level/ip/system_top_level_util_vector_logic_0_0/synth/system_top_level_util_vector_logic_0_0.v:57]
INFO: [Synth 8-638] synthesizing module 'util_vector_logic_v2_0_1_util_vector_logic' [p:/logsyn/syn/synth_top/synth_top.srcs/sources_1/bd/system_top_level/ipshared/25ee/hdl/util_vector_logic_v2_0_vl_rfs.v:45]
	Parameter C_OPERATION bound to: xor - type: string 
	Parameter C_SIZE bound to: 4 - type: integer 
INFO: [Synth 8-256] done synthesizing module 'util_vector_logic_v2_0_1_util_vector_logic' (29#1) [p:/logsyn/syn/synth_top/synth_top.srcs/sources_1/bd/system_top_level/ipshared/25ee/hdl/util_vector_logic_v2_0_vl_rfs.v:45]
INFO: [Synth 8-256] done synthesizing module 'system_top_level_util_vector_logic_0_0' (30#1) [p:/logsyn/syn/synth_top/synth_top.srcs/sources_1/bd/system_top_level/ip/system_top_level_util_vector_logic_0_0/synth/system_top_level_util_vector_logic_0_0.v:57]
INFO: [Synth 8-638] synthesizing module 'system_top_level_util_vector_logic_0_1' [p:/logsyn/syn/synth_top/synth_top.srcs/sources_1/bd/system_top_level/ip/system_top_level_util_vector_logic_0_1/synth/system_top_level_util_vector_logic_0_1.v:57]
INFO: [Synth 8-638] synthesizing module 'util_vector_logic_v2_0_1_util_vector_logic__parameterized0' [p:/logsyn/syn/synth_top/synth_top.srcs/sources_1/bd/system_top_level/ipshared/25ee/hdl/util_vector_logic_v2_0_vl_rfs.v:45]
	Parameter C_OPERATION bound to: and - type: string 
	Parameter C_SIZE bound to: 1 - type: integer 
INFO: [Synth 8-256] done synthesizing module 'util_vector_logic_v2_0_1_util_vector_logic__parameterized0' (30#1) [p:/logsyn/syn/synth_top/synth_top.srcs/sources_1/bd/system_top_level/ipshared/25ee/hdl/util_vector_logic_v2_0_vl_rfs.v:45]
INFO: [Synth 8-256] done synthesizing module 'system_top_level_util_vector_logic_0_1' (31#1) [p:/logsyn/syn/synth_top/synth_top.srcs/sources_1/bd/system_top_level/ip/system_top_level_util_vector_logic_0_1/synth/system_top_level_util_vector_logic_0_1.v:57]
INFO: [Synth 8-256] done synthesizing module 'system_top_level' (32#1) [P:/logsyn/syn/synth_top/synth_top.srcs/sources_1/bd/system_top_level/hdl/system_top_level.v:13]
INFO: [Synth 8-256] done synthesizing module 'system_top_level_wrapper' (33#1) [P:/logsyn/syn/synth_top/synth_top.srcs/sources_1/bd/system_top_level/hdl/system_top_level_wrapper.v:12]
---------------------------------------------------------------------------------
Finished RTL Elaboration : Time (s): cpu = 00:00:03 ; elapsed = 00:00:05 . Memory (MB): peak = 410.500 ; gain = 116.953
---------------------------------------------------------------------------------

Report Check Netlist: 
+------+------------------+-------+---------+-------+------------------+
|      |Item              |Errors |Warnings |Status |Description       |
+------+------------------+-------+---------+-------+------------------+
|1     |multi_driven_nets |      0|        0|Passed |Multi driven nets |
+------+------------------+-------+---------+-------+------------------+
---------------------------------------------------------------------------------
Finished RTL Optimization Phase 1 : Time (s): cpu = 00:00:03 ; elapsed = 00:00:05 . Memory (MB): peak = 410.500 ; gain = 116.953
---------------------------------------------------------------------------------
INFO: [Netlist 29-17] Analyzing 7 Unisim elements for replacement
INFO: [Netlist 29-28] Unisim Transformation completed in 0 CPU seconds
INFO: [Device 21-403] Loading part xc7z020clg400-1
INFO: [Project 1-570] Preparing netlist for logic optimization

Processing XDC Constraints
Initializing timing engine
Parsing XDC File [p:/logsyn/syn/synth_top/synth_top.srcs/sources_1/bd/system_top_level/ip/system_top_level_clk_wiz_0_0/system_top_level_clk_wiz_0_0_board.xdc] for cell 'system_top_level_i/clk_wiz_0/inst'
Finished Parsing XDC File [p:/logsyn/syn/synth_top/synth_top.srcs/sources_1/bd/system_top_level/ip/system_top_level_clk_wiz_0_0/system_top_level_clk_wiz_0_0_board.xdc] for cell 'system_top_level_i/clk_wiz_0/inst'
Parsing XDC File [p:/logsyn/syn/synth_top/synth_top.srcs/sources_1/bd/system_top_level/ip/system_top_level_clk_wiz_0_0/system_top_level_clk_wiz_0_0.xdc] for cell 'system_top_level_i/clk_wiz_0/inst'
Finished Parsing XDC File [p:/logsyn/syn/synth_top/synth_top.srcs/sources_1/bd/system_top_level/ip/system_top_level_clk_wiz_0_0/system_top_level_clk_wiz_0_0.xdc] for cell 'system_top_level_i/clk_wiz_0/inst'
INFO: [Project 1-236] Implementation specific constraints were found while reading constraint file [p:/logsyn/syn/synth_top/synth_top.srcs/sources_1/bd/system_top_level/ip/system_top_level_clk_wiz_0_0/system_top_level_clk_wiz_0_0.xdc]. These constraints will be ignored for synthesis but will be used in implementation. Impacted constraints are listed in the file [.Xil/system_top_level_wrapper_propImpl.xdc].
Resolution: To avoid this warning, move constraints listed in [.Xil/system_top_level_wrapper_propImpl.xdc] to another XDC file and exclude this new file from synthesis with the used_in_synthesis property (File Properties dialog in GUI) and re-run elaboration/synthesis.
INFO: [Timing 38-2] Deriving generated clocks
Parsing XDC File [P:/logsyn/xdc/synth.xdc]
Finished Parsing XDC File [P:/logsyn/xdc/synth.xdc]
INFO: [Project 1-236] Implementation specific constraints were found while reading constraint file [P:/logsyn/xdc/synth.xdc]. These constraints will be ignored for synthesis but will be used in implementation. Impacted constraints are listed in the file [.Xil/system_top_level_wrapper_propImpl.xdc].
Resolution: To avoid this warning, move constraints listed in [.Xil/system_top_level_wrapper_propImpl.xdc] to another XDC file and exclude this new file from synthesis with the used_in_synthesis property (File Properties dialog in GUI) and re-run elaboration/synthesis.
Parsing XDC File [P:/logsyn/syn/synth_top/synth_top.runs/synth_1/dont_touch.xdc]
Finished Parsing XDC File [P:/logsyn/syn/synth_top/synth_top.runs/synth_1/dont_touch.xdc]
INFO: [Project 1-236] Implementation specific constraints were found while reading constraint file [P:/logsyn/syn/synth_top/synth_top.runs/synth_1/dont_touch.xdc]. These constraints will be ignored for synthesis but will be used in implementation. Impacted constraints are listed in the file [.Xil/system_top_level_wrapper_propImpl.xdc].
Resolution: To avoid this warning, move constraints listed in [.Xil/system_top_level_wrapper_propImpl.xdc] to another XDC file and exclude this new file from synthesis with the used_in_synthesis property (File Properties dialog in GUI) and re-run elaboration/synthesis.
INFO: [Timing 38-2] Deriving generated clocks
Parsing XDC File [p:/logsyn/syn/synth_top/synth_top.srcs/sources_1/bd/system_top_level/ip/system_top_level_clk_wiz_0_0/system_top_level_clk_wiz_0_0_late.xdc] for cell 'system_top_level_i/clk_wiz_0/inst'
Finished Parsing XDC File [p:/logsyn/syn/synth_top/synth_top.srcs/sources_1/bd/system_top_level/ip/system_top_level_clk_wiz_0_0/system_top_level_clk_wiz_0_0_late.xdc] for cell 'system_top_level_i/clk_wiz_0/inst'
Completed Processing XDC Constraints

INFO: [Project 1-111] Unisim Transformation Summary:
  A total of 3 instances were transformed.
  BUFGCE => BUFGCTRL: 2 instances
  IOBUF => IOBUF (IBUF, OBUFT): 1 instances

Constraint Validation Runtime : Time (s): cpu = 00:00:00 ; elapsed = 00:00:00.009 . Memory (MB): peak = 738.922 ; gain = 0.000
---------------------------------------------------------------------------------
Finished Constraint Validation : Time (s): cpu = 00:00:11 ; elapsed = 00:00:15 . Memory (MB): peak = 738.922 ; gain = 445.375
---------------------------------------------------------------------------------
---------------------------------------------------------------------------------
Start Loading Part and Timing Information
---------------------------------------------------------------------------------
Loading part: xc7z020clg400-1
---------------------------------------------------------------------------------
Finished Loading Part and Timing Information : Time (s): cpu = 00:00:11 ; elapsed = 00:00:15 . Memory (MB): peak = 738.922 ; gain = 445.375
---------------------------------------------------------------------------------
---------------------------------------------------------------------------------
Start Applying 'set_property' XDC Constraints
---------------------------------------------------------------------------------
Applied set_property DONT_TOUCH = true for system_top_level_i/clk_wiz_0/inst. (constraint file  P:/logsyn/syn/synth_top/synth_top.runs/synth_1/dont_touch.xdc, line 25).
Applied set_property DONT_TOUCH = true for system_top_level_i. (constraint file  auto generated constraint, line ).
Applied set_property DONT_TOUCH = true for system_top_level_i/clk_wiz_0. (constraint file  auto generated constraint, line ).
Applied set_property DONT_TOUCH = true for system_top_level_i/i2c_config_0. (constraint file  auto generated constraint, line ).
Applied set_property DONT_TOUCH = true for system_top_level_i/synthesizer_0. (constraint file  auto generated constraint, line ).
Applied set_property DONT_TOUCH = true for system_top_level_i/util_vector_logic_0. (constraint file  auto generated constraint, line ).
Applied set_property DONT_TOUCH = true for system_top_level_i/util_vector_logic_1. (constraint file  auto generated constraint, line ).
---------------------------------------------------------------------------------
Finished applying 'set_property' XDC Constraints : Time (s): cpu = 00:00:11 ; elapsed = 00:00:15 . Memory (MB): peak = 738.922 ; gain = 445.375
---------------------------------------------------------------------------------
WARNING: [Synth 8-6014] Unused sequential element bit_index_r_reg was removed.  [P:/logsyn/vhd/audio_ctrl.vhd:90]
WARNING: [Synth 8-6014] Unused sequential element lrclk_counter_r_reg was removed.  [P:/logsyn/vhd/audio_ctrl.vhd:62]
WARNING: [Synth 8-6014] Unused sequential element current_value_reg was removed.  [P:/logsyn/vhd/wave_gen.vhd:51]
WARNING: [Synth 8-6014] Unused sequential element current_value_reg was removed.  [P:/logsyn/vhd/wave_gen.vhd:51]
WARNING: [Synth 8-6014] Unused sequential element current_value_reg was removed.  [P:/logsyn/vhd/wave_gen.vhd:51]
WARNING: [Synth 8-6014] Unused sequential element current_value_reg was removed.  [P:/logsyn/vhd/wave_gen.vhd:51]
---------------------------------------------------------------------------------
Finished RTL Optimization Phase 2 : Time (s): cpu = 00:00:11 ; elapsed = 00:00:15 . Memory (MB): peak = 738.922 ; gain = 445.375
---------------------------------------------------------------------------------

Report RTL Partitions: 
+-+--------------+------------+----------+
| |RTL Partition |Replication |Instances |
+-+--------------+------------+----------+
+-+--------------+------------+----------+
---------------------------------------------------------------------------------
Start RTL Component Statistics 
---------------------------------------------------------------------------------
Detailed RTL Component Info : 
+---Adders : 
	   2 Input     18 Bit       Adders := 1     
	   2 Input     17 Bit       Adders := 2     
	   2 Input      7 Bit       Adders := 1     
	   2 Input      5 Bit       Adders := 1     
	   2 Input      2 Bit       Adders := 1     
+---XORs : 
	   2 Input      4 Bit         XORs := 1     
+---Registers : 
	               18 Bit    Registers := 1     
	               17 Bit    Registers := 2     
	               16 Bit    Registers := 2     
	                8 Bit    Registers := 2     
	                7 Bit    Registers := 1     
	                5 Bit    Registers := 1     
	                2 Bit    Registers := 1     
	                1 Bit    Registers := 7     
+---Muxes : 
	   2 Input     16 Bit        Muxes := 2     
	   2 Input      7 Bit        Muxes := 1     
	   2 Input      5 Bit        Muxes := 1     
	   2 Input      2 Bit        Muxes := 2     
	   2 Input      1 Bit        Muxes := 14    
---------------------------------------------------------------------------------
Finished RTL Component Statistics 
---------------------------------------------------------------------------------
---------------------------------------------------------------------------------
Start RTL Hierarchical Component Statistics 
---------------------------------------------------------------------------------
Hierarchical RTL Component report 
Module system_top_level_clk_wiz_0_0_clk_wiz 
Detailed RTL Component Info : 
+---Registers : 
	                8 Bit    Registers := 2     
Module adder 
Detailed RTL Component Info : 
+---Adders : 
	   2 Input     17 Bit       Adders := 1     
+---Registers : 
	               17 Bit    Registers := 1     
Module adder__parameterized2 
Detailed RTL Component Info : 
+---Adders : 
	   2 Input     18 Bit       Adders := 1     
+---Registers : 
	               18 Bit    Registers := 1     
Module audio_ctrl 
Detailed RTL Component Info : 
+---Adders : 
	   2 Input      7 Bit       Adders := 1     
	   2 Input      5 Bit       Adders := 1     
	   2 Input      2 Bit       Adders := 1     
+---Registers : 
	               16 Bit    Registers := 2     
	                7 Bit    Registers := 1     
	                5 Bit    Registers := 1     
	                2 Bit    Registers := 1     
	                1 Bit    Registers := 3     
+---Muxes : 
	   2 Input     16 Bit        Muxes := 2     
	   2 Input      7 Bit        Muxes := 1     
	   2 Input      5 Bit        Muxes := 1     
	   2 Input      2 Bit        Muxes := 2     
	   2 Input      1 Bit        Muxes := 2     
Module wave_gen 
Detailed RTL Component Info : 
+---Registers : 
	                1 Bit    Registers := 1     
+---Muxes : 
	   2 Input      1 Bit        Muxes := 3     
Module wave_gen__parameterized1 
Detailed RTL Component Info : 
+---Registers : 
	                1 Bit    Registers := 1     
+---Muxes : 
	   2 Input      1 Bit        Muxes := 3     
Module wave_gen__parameterized3 
Detailed RTL Component Info : 
+---Registers : 
	                1 Bit    Registers := 1     
+---Muxes : 
	   2 Input      1 Bit        Muxes := 3     
Module wave_gen__parameterized5 
Detailed RTL Component Info : 
+---Registers : 
	                1 Bit    Registers := 1     
+---Muxes : 
	   2 Input      1 Bit        Muxes := 3     
Module util_vector_logic_v2_0_1_util_vector_logic 
Detailed RTL Component Info : 
+---XORs : 
	   2 Input      4 Bit         XORs := 1     
---------------------------------------------------------------------------------
Finished RTL Hierarchical Component Statistics
---------------------------------------------------------------------------------
---------------------------------------------------------------------------------
Start Part Resource Summary
---------------------------------------------------------------------------------
Part Resources:
DSPs: 220 (col length:60)
BRAMs: 280 (col length: RAMB18 60 RAMB36 30)
---------------------------------------------------------------------------------
Finished Part Resource Summary
---------------------------------------------------------------------------------
---------------------------------------------------------------------------------
Start Cross Boundary and Area Optimization
---------------------------------------------------------------------------------
INFO: [Synth 8-4471] merging register 'U0/i_aud/left_sample_r_reg[15:0]' into 'U0/i_aud/right_sample_r_reg[15:0]' [P:/logsyn/vhd/audio_ctrl.vhd:74]
WARNING: [Synth 8-6014] Unused sequential element U0/i_aud/left_sample_r_reg was removed.  [P:/logsyn/vhd/audio_ctrl.vhd:74]
WARNING: [Synth 8-6014] Unused sequential element U0/i_aud/lrclk_counter_r_reg was removed.  [P:/logsyn/vhd/audio_ctrl.vhd:62]
WARNING: [Synth 8-6014] Unused sequential element U0/i_aud/bit_index_r_reg was removed.  [P:/logsyn/vhd/audio_ctrl.vhd:90]
WARNING: [Synth 8-6014] Unused sequential element U0/g_wave_gens[0].i_wav/current_value_reg was removed.  [P:/logsyn/vhd/wave_gen.vhd:51]
WARNING: [Synth 8-6014] Unused sequential element U0/g_wave_gens[1].i_wav/current_value_reg was removed.  [P:/logsyn/vhd/wave_gen.vhd:51]
WARNING: [Synth 8-6014] Unused sequential element U0/g_wave_gens[2].i_wav/current_value_reg was removed.  [P:/logsyn/vhd/wave_gen.vhd:51]
WARNING: [Synth 8-6014] Unused sequential element U0/g_wave_gens[3].i_wav/current_value_reg was removed.  [P:/logsyn/vhd/wave_gen.vhd:51]
INFO: [Synth 8-3332] Sequential element (U0/g_wave_gens[1].i_wav/current_value_reg[0]) is unused and will be removed from module system_top_level_synthesizer_0_0.
INFO: [Synth 8-3332] Sequential element (U0/i_mul/adder_2/result_reg[16]) is unused and will be removed from module system_top_level_synthesizer_0_0.
INFO: [Synth 8-3332] Sequential element (U0/g_wave_gens[3].i_wav/current_value_reg[0]) is unused and will be removed from module system_top_level_synthesizer_0_0.
INFO: [Synth 8-3332] Sequential element (U0/g_wave_gens[3].i_wav/current_value_reg[1]) is unused and will be removed from module system_top_level_synthesizer_0_0.
INFO: [Synth 8-3332] Sequential element (U0/g_wave_gens[3].i_wav/current_value_reg[2]) is unused and will be removed from module system_top_level_synthesizer_0_0.
INFO: [Synth 8-3332] Sequential element (U0/i_mul/adder_1/result_reg[16]) is unused and will be removed from module system_top_level_synthesizer_0_0.
INFO: [Synth 8-3332] Sequential element (U0/i_mul/sum_adder/result_reg[17]) is unused and will be removed from module system_top_level_synthesizer_0_0.
INFO: [Synth 8-3332] Sequential element (U0/i_mul/sum_adder/result_reg[16]) is unused and will be removed from module system_top_level_synthesizer_0_0.
---------------------------------------------------------------------------------
Finished Cross Boundary and Area Optimization : Time (s): cpu = 00:00:12 ; elapsed = 00:00:16 . Memory (MB): peak = 738.922 ; gain = 445.375
---------------------------------------------------------------------------------

Report RTL Partitions: 
+-+--------------+------------+----------+
| |RTL Partition |Replication |Instances |
+-+--------------+------------+----------+
+-+--------------+------------+----------+
---------------------------------------------------------------------------------
Start Applying XDC Timing Constraints
---------------------------------------------------------------------------------
---------------------------------------------------------------------------------
Finished Applying XDC Timing Constraints : Time (s): cpu = 00:00:20 ; elapsed = 00:00:24 . Memory (MB): peak = 738.922 ; gain = 445.375
---------------------------------------------------------------------------------
---------------------------------------------------------------------------------
Start Timing Optimization
---------------------------------------------------------------------------------
---------------------------------------------------------------------------------
Finished Timing Optimization : Time (s): cpu = 00:00:20 ; elapsed = 00:00:24 . Memory (MB): peak = 738.922 ; gain = 445.375
---------------------------------------------------------------------------------

Report RTL Partitions: 
+-+--------------+------------+----------+
| |RTL Partition |Replication |Instances |
+-+--------------+------------+----------+
+-+--------------+------------+----------+
---------------------------------------------------------------------------------
Start Technology Mapping
---------------------------------------------------------------------------------
---------------------------------------------------------------------------------
Finished Technology Mapping : Time (s): cpu = 00:00:20 ; elapsed = 00:00:24 . Memory (MB): peak = 738.922 ; gain = 445.375
---------------------------------------------------------------------------------

Report RTL Partitions: 
+-+--------------+------------+----------+
| |RTL Partition |Replication |Instances |
+-+--------------+------------+----------+
+-+--------------+------------+----------+
---------------------------------------------------------------------------------
Start IO Insertion
---------------------------------------------------------------------------------
---------------------------------------------------------------------------------
Start Flattening Before IO Insertion
---------------------------------------------------------------------------------
---------------------------------------------------------------------------------
Finished Flattening Before IO Insertion
---------------------------------------------------------------------------------
---------------------------------------------------------------------------------
Start Final Netlist Cleanup
---------------------------------------------------------------------------------
---------------------------------------------------------------------------------
Finished Final Netlist Cleanup
---------------------------------------------------------------------------------
---------------------------------------------------------------------------------
Finished IO Insertion : Time (s): cpu = 00:00:20 ; elapsed = 00:00:25 . Memory (MB): peak = 738.922 ; gain = 445.375
---------------------------------------------------------------------------------

Report Check Netlist: 
+------+------------------+-------+---------+-------+------------------+
|      |Item              |Errors |Warnings |Status |Description       |
+------+------------------+-------+---------+-------+------------------+
|1     |multi_driven_nets |      0|        0|Passed |Multi driven nets |
+------+------------------+-------+---------+-------+------------------+
---------------------------------------------------------------------------------
Start Renaming Generated Instances
---------------------------------------------------------------------------------
---------------------------------------------------------------------------------
Finished Renaming Generated Instances : Time (s): cpu = 00:00:20 ; elapsed = 00:00:25 . Memory (MB): peak = 738.922 ; gain = 445.375
---------------------------------------------------------------------------------

Report RTL Partitions: 
+-+--------------+------------+----------+
| |RTL Partition |Replication |Instances |
+-+--------------+------------+----------+
+-+--------------+------------+----------+
---------------------------------------------------------------------------------
Start Rebuilding User Hierarchy
---------------------------------------------------------------------------------
---------------------------------------------------------------------------------
Finished Rebuilding User Hierarchy : Time (s): cpu = 00:00:20 ; elapsed = 00:00:25 . Memory (MB): peak = 738.922 ; gain = 445.375
---------------------------------------------------------------------------------
---------------------------------------------------------------------------------
Start Renaming Generated Ports
---------------------------------------------------------------------------------
---------------------------------------------------------------------------------
Finished Renaming Generated Ports : Time (s): cpu = 00:00:20 ; elapsed = 00:00:25 . Memory (MB): peak = 738.922 ; gain = 445.375
---------------------------------------------------------------------------------
---------------------------------------------------------------------------------
Start Handling Custom Attributes
---------------------------------------------------------------------------------
---------------------------------------------------------------------------------
Finished Handling Custom Attributes : Time (s): cpu = 00:00:20 ; elapsed = 00:00:25 . Memory (MB): peak = 738.922 ; gain = 445.375
---------------------------------------------------------------------------------
---------------------------------------------------------------------------------
Start Renaming Generated Nets
---------------------------------------------------------------------------------
---------------------------------------------------------------------------------
Finished Renaming Generated Nets : Time (s): cpu = 00:00:20 ; elapsed = 00:00:25 . Memory (MB): peak = 738.922 ; gain = 445.375
---------------------------------------------------------------------------------
---------------------------------------------------------------------------------
Start Writing Synthesis Report
---------------------------------------------------------------------------------

Report BlackBoxes: 
+-+--------------+----------+
| |BlackBox name |Instances |
+-+--------------+----------+
+-+--------------+----------+

Report Cell Usage: 
+------+-----------+------+
|      |Cell       |Count |
+------+-----------+------+
|1     |BUFG       |     2|
|2     |BUFGCE     |     2|
|3     |BUFH       |     2|
|4     |CARRY4     |    44|
|5     |LUT1       |    14|
|6     |LUT2       |   124|
|7     |LUT3       |   107|
|8     |LUT4       |    40|
|9     |LUT5       |    21|
|10    |LUT6       |    48|
|11    |MMCME2_ADV |     1|
|12    |FDCE       |   180|
|13    |FDPE       |    15|
|14    |FDRE       |    30|
|15    |IBUF       |     8|
|16    |IOBUF      |     1|
|17    |OBUF       |    14|
+------+-----------+------+

Report Instance Areas: 
+------+-------------------------------+-------------------------------------------+------+
|      |Instance                       |Module                                     |Cells |
+------+-------------------------------+-------------------------------------------+------+
|1     |top                            |                                           |   653|
|2     |  system_top_level_i           |system_top_level                           |   640|
|3     |    clk_wiz_0                  |system_top_level_clk_wiz_0_0               |    23|
|4     |      inst                     |system_top_level_clk_wiz_0_0_clk_wiz       |    23|
|5     |    i2c_config_0               |system_top_level_i2c_config_0_0            |   171|
|6     |      inst                     |i2c_config                                 |   171|
|7     |    synthesizer_0              |system_top_level_synthesizer_0_0           |   441|
|8     |      U0                       |synthesizer                                |   441|
|9     |        \g_wave_gens[0].i_wav  |wave_gen                                   |    68|
|10    |        \g_wave_gens[1].i_wav  |wave_gen__parameterized1                   |    80|
|11    |        \g_wave_gens[2].i_wav  |wave_gen__parameterized3                   |    68|
|12    |        \g_wave_gens[3].i_wav  |wave_gen__parameterized5                   |    70|
|13    |        i_aud                  |audio_ctrl                                 |    73|
|14    |        i_mul                  |multi_port_adder                           |    82|
|15    |          adder_1              |adder                                      |    20|
|16    |          adder_2              |adder_0                                    |    20|
|17    |          sum_adder            |adder__parameterized2                      |    42|
|18    |    util_vector_logic_0        |system_top_level_util_vector_logic_0_0     |     4|
|19    |      inst                     |util_vector_logic_v2_0_1_util_vector_logic |     4|
|20    |    util_vector_logic_1        |system_top_level_util_vector_logic_0_1     |     1|
+------+-------------------------------+-------------------------------------------+------+
---------------------------------------------------------------------------------
Finished Writing Synthesis Report : Time (s): cpu = 00:00:20 ; elapsed = 00:00:25 . Memory (MB): peak = 738.922 ; gain = 445.375
---------------------------------------------------------------------------------
Synthesis finished with 0 errors, 0 critical warnings and 13 warnings.
Synthesis Optimization Runtime : Time (s): cpu = 00:00:12 ; elapsed = 00:00:19 . Memory (MB): peak = 738.922 ; gain = 116.953
Synthesis Optimization Complete : Time (s): cpu = 00:00:20 ; elapsed = 00:00:25 . Memory (MB): peak = 738.922 ; gain = 445.375
INFO: [Project 1-571] Translating synthesized netlist
INFO: [Netlist 29-17] Analyzing 56 Unisim elements for replacement
INFO: [Netlist 29-28] Unisim Transformation completed in 0 CPU seconds
INFO: [Project 1-570] Preparing netlist for logic optimization
WARNING: [Opt 31-32] Removing redundant IBUF since it is not being driven by a top-level port. system_top_level_i/i2c_config_0/inst/clk_IBUF_inst 
Resolution: The tool has removed redundant IBUF. To resolve this warning, check for redundant IBUF in the input design.
WARNING: [Opt 31-32] Removing redundant IBUF since it is not being driven by a top-level port. system_top_level_i/i2c_config_0/inst/rst_n_IBUF_inst 
Resolution: The tool has removed redundant IBUF. To resolve this warning, check for redundant IBUF in the input design.
WARNING: [Opt 31-33] Removing redundant OBUF since it is not driving a top-level port. system_top_level_i/i2c_config_0/inst/finished_out_OBUF_inst 
Resolution: The tool has removed redundant OBUF. To resolve this warning, check for redundant OBUF in the input design.
WARNING: [Opt 31-33] Removing redundant OBUF since it is not driving a top-level port. system_top_level_i/i2c_config_0/inst/param_status_out_OBUF[0]_inst 
Resolution: The tool has removed redundant OBUF. To resolve this warning, check for redundant OBUF in the input design.
WARNING: [Opt 31-33] Removing redundant OBUF since it is not driving a top-level port. system_top_level_i/i2c_config_0/inst/param_status_out_OBUF[1]_inst 
Resolution: The tool has removed redundant OBUF. To resolve this warning, check for redundant OBUF in the input design.
WARNING: [Opt 31-33] Removing redundant OBUF since it is not driving a top-level port. system_top_level_i/i2c_config_0/inst/param_status_out_OBUF[2]_inst 
Resolution: The tool has removed redundant OBUF. To resolve this warning, check for redundant OBUF in the input design.
WARNING: [Opt 31-33] Removing redundant OBUF since it is not driving a top-level port. system_top_level_i/i2c_config_0/inst/param_status_out_OBUF[3]_inst 
Resolution: The tool has removed redundant OBUF. To resolve this warning, check for redundant OBUF in the input design.
INFO: [Opt 31-138] Pushed 0 inverter(s) to 0 load pin(s).
INFO: [Project 1-111] Unisim Transformation Summary:
  A total of 3 instances were transformed.
  BUFGCE => BUFGCTRL: 2 instances
  IOBUF => IOBUF (IBUF, OBUFT): 1 instances

263 Infos, 21 Warnings, 0 Critical Warnings and 0 Errors encountered.
synth_design completed successfully
synth_design: Time (s): cpu = 00:00:21 ; elapsed = 00:00:30 . Memory (MB): peak = 738.922 ; gain = 448.039
INFO: [Common 17-1381] The checkpoint 'P:/logsyn/syn/synth_top/synth_top.runs/synth_1/system_top_level_wrapper.dcp' has been generated.
report_utilization: Time (s): cpu = 00:00:00 ; elapsed = 00:00:00.022 . Memory (MB): peak = 738.922 ; gain = 0.000
INFO: [Common 17-206] Exiting Vivado at Thu Jan 30 12:40:43 2020...
